17-Aug-2022 07:24:48.062 INFO [main] org.apache.catalina.core.ApplicationContext.log ContextListener: contextInitialized()
17-Aug-2022 07:24:48.068 INFO [main] org.apache.catalina.core.ApplicationContext.log SessionListener: contextInitialized()
17-Aug-2022 07:24:48.069 INFO [main] org.apache.catalina.core.ApplicationContext.log ContextListener: attributeAdded('StockTicker', 'async.Stockticker@37883b97')
17-Aug-2022 07:28:01.459 INFO [main] org.apache.catalina.core.ApplicationContext.log SessionListener: contextDestroyed()
17-Aug-2022 07:28:01.459 INFO [main] org.apache.catalina.core.ApplicationContext.log ContextListener: contextDestroyed()
17-Aug-2022 07:28:08.969 INFO [main] org.apache.catalina.core.ApplicationContext.log ContextListener: contextInitialized()
17-Aug-2022 07:28:08.972 INFO [main] org.apache.catalina.core.ApplicationContext.log SessionListener: contextInitialized()
17-Aug-2022 07:28:08.973 INFO [main] org.apache.catalina.core.ApplicationContext.log ContextListener: attributeAdded('StockTicker', 'async.Stockticker@37883b97')
17-Aug-2022 07:33:28.787 INFO [main] org.apache.catalina.core.ApplicationContext.log SessionListener: contextDestroyed()
17-Aug-2022 07:33:28.787 INFO [main] org.apache.catalina.core.ApplicationContext.log ContextListener: contextDestroyed()
17-Aug-2022 07:33:36.879 INFO [main] org.apache.catalina.core.ApplicationContext.log ContextListener: contextInitialized()
17-Aug-2022 07:33:36.880 INFO [main] org.apache.catalina.core.ApplicationContext.log SessionListener: contextInitialized()
17-Aug-2022 07:33:36.884 INFO [main] org.apache.catalina.core.ApplicationContext.log ContextListener: attributeAdded('StockTicker', 'async.Stockticker@37883b97')
17-Aug-2022 07:44:29.712 INFO [main] org.apache.catalina.core.ApplicationContext.log SessionListener: contextDestroyed()
17-Aug-2022 07:44:29.713 INFO [main] org.apache.catalina.core.ApplicationContext.log ContextListener: contextDestroyed()
17-Aug-2022 07:44:35.762 INFO [main] org.apache.catalina.core.ApplicationContext.log ContextListener: contextInitialized()
17-Aug-2022 07:44:35.762 INFO [main] org.apache.catalina.core.ApplicationContext.log SessionListener: contextInitialized()
17-Aug-2022 07:44:35.764 INFO [main] org.apache.catalina.core.ApplicationContext.log ContextListener: attributeAdded('StockTicker', 'async.Stockticker@37883b97')
17-Aug-2022 07:54:44.829 INFO [main] org.apache.catalina.core.ApplicationContext.log SessionListener: contextDestroyed()
17-Aug-2022 07:54:44.830 INFO [main] org.apache.catalina.core.ApplicationContext.log ContextListener: contextDestroyed()
17-Aug-2022 07:54:51.259 INFO [main] org.apache.catalina.core.ApplicationContext.log ContextListener: contextInitialized()
17-Aug-2022 07:54:51.259 INFO [main] org.apache.catalina.core.ApplicationContext.log SessionListener: contextInitialized()
17-Aug-2022 07:54:51.264 INFO [main] org.apache.catalina.core.ApplicationContext.log ContextListener: attributeAdded('StockTicker', 'async.Stockticker@37883b97')
17-Aug-2022 08:06:42.604 INFO [Catalina-utility-1] org.apache.catalina.core.ApplicationContext.log SessionListener: contextDestroyed()
17-Aug-2022 08:06:42.611 INFO [Catalina-utility-1] org.apache.catalina.core.ApplicationContext.log ContextListener: contextDestroyed()
17-Aug-2022 08:32:45.158 INFO [Catalina-utility-2] org.apache.catalina.core.ApplicationContext.log ContextListener: contextInitialized()
17-Aug-2022 08:32:45.159 INFO [Catalina-utility-2] org.apache.catalina.core.ApplicationContext.log SessionListener: contextInitialized()
17-Aug-2022 08:32:45.159 INFO [Catalina-utility-2] org.apache.catalina.core.ApplicationContext.log ContextListener: attributeAdded('StockTicker', 'async.Stockticker@6650c966')
17-Aug-2022 08:35:46.320 INFO [Catalina-utility-1] org.apache.catalina.core.ApplicationContext.log SessionListener: contextDestroyed()
17-Aug-2022 08:35:46.320 INFO [Catalina-utility-1] org.apache.catalina.core.ApplicationContext.log ContextListener: contextDestroyed()
